#
# A fatal error has been detected by the Java Runtime Environment:
#
#  SIGSEGV (0xb) at pc=0x000000013818ca6b, pid=27977, tid=0x0000000000000e03
#
# JRE version: Java(TM) SE Runtime Environment (8.0_131-b11) (build 1.8.0_131-b11)
# Java VM: Java HotSpot(TM) 64-Bit Server VM (25.131-b11 mixed mode bsd-amd64 compressed oops)
# Problematic frame:
# C  [libtesseract.4.dylib+0x17a6b]  tesseract::Tesseract::recog_all_words(PAGE_RES*, ETEXT_DESC*, TBOX const*, char const*, int)+0xaf
#
# Failed to write core dump. Core dumps have been disabled. To enable core dumping, try "ulimit -c unlimited" before starting Java again
#
# If you would like to submit a bug report, please visit:
#   http://bugreport.java.com/bugreport/crash.jsp
# The crash happened outside the Java Virtual Machine in native code.
# See problematic frame for where to report the bug.
#

---------------  T H R E A D  ---------------

Current thread (0x00007fd89f009000):  JavaThread "main" [_thread_in_native, id=3587, stack(0x000070000d00c000,0x000070000d10c000)]

siginfo: si_signo: 11 (SIGSEGV), si_code: 1 (SEGV_MAPERR), si_addr: 0x000000000000000c

Registers:
RAX=0x0000000000000000, RBX=0x00007fd89c6751a0, RCX=0x0000000000000000, RDX=0x00007fd89c675d10
RSP=0x000070000d10a6c0, RBP=0x000070000d10a880, RSI=0x0000000000000000, RDI=0x000070000d10a778
R8 =0x0000000000000000, R9 =0x0000000000000000, R10=0x00000000fffe7fff, R11=0xfffffffffe57ccb0
R12=0x0000000000000000, R13=0x00007fd8900f0000, R14=0x0000000000000000, R15=0x0000000000000000
RIP=0x000000013818ca6b, EFLAGS=0x0000000000010246, ERR=0x0000000000000004
  TRAPNO=0x000000000000000e

Top of Stack: (sp=0x000070000d10a6c0)
0x000070000d10a6c0:   00007fd89c675b40 00007fd89c6751a0
0x000070000d10a6d0:   0000000000000000 0000000000000000
0x000070000d10a6e0:   0000000000000000 00007fd89c675d40
0x000070000d10a6f0:   00007fd89c675d10 00007fd89c6752e0
0x000070000d10a700:   00007fd89c676010 00007fd89c675d10
0x000070000d10a710:   00007fd89c6752e0 00007fd89c6751a8
0x000070000d10a720:   00007fd89c6752e0 00007fd89c6752e0
0x000070000d10a730:   00007fd89c6752e0 00007fd89c6752e0
0x000070000d10a740:   00007fd89c000000 00007fd89c675308
0x000070000d10a750:   00007fd89c676970 00007fd89c675d10
0x000070000d10a760:   00007fd89c676970 00007fd89c675d10
0x000070000d10a770:   000070000d000000 00007fd89c675d30
0x000070000d10a780:   00007fd89c676010 00007fd89c676430
0x000070000d10a790:   00007fd89c675360 00007fd89c675d40
0x000070000d10a7a0:   000070000d010000 00007fd89c675d30
0x000070000d10a7b0:   00007fd89c676650 00007fd89c675d40
0x000070000d10a7c0:   00007fd89c676010 00007fd89c675d40
0x000070000d10a7d0:   0000000000000000 00007fd89c675d30
0x000070000d10a7e0:   00007fd89c675d40 00007fd89c676010
0x000070000d10a7f0:   00007fd89c676430 00007fd89c675d40
0x000070000d10a800:   000070000d010000 00000001381779a5
0x000070000d10a810:   00007fd89e0b5d20 0000000138326754
0x000070000d10a820:   00007fd8900f0150 00007fd89c461520
0x000070000d10a830:   00007fd89c461520 00007fd8900f0000
0x000070000d10a840:   0000000000000000 0000000000000000
0x000070000d10a850:   00007fd89c6751a0 000070000d10a801
0x000070000d10a860:   00007fd89c461520 00007fd8900f0000
0x000070000d10a870:   00000000ffffffff 0000000000000000
0x000070000d10a880:   000070000d10a8f0 0000000138179647
0x000070000d10a890:   000000071742d568 00000007155960a8
0x000070000d10a8a0:   000070000d10a8a0 0000000132ff930b
0x000070000d10a8b0:   000070000d10a910 0000000132ff9658 

Instructions: (pc=0x000000013818ca6b)
0x000000013818ca4b:   e8 40 fa 11 00 41 83 bd 08 14 00 00 00 7e 0a 4c
0x000000013818ca5b:   89 ef e8 e6 97 0b 00 eb 15 49 8b 85 b0 09 00 00
0x000000013818ca6b:   80 78 0c 00 74 08 4c 89 ef e8 43 98 0b 00 41 83
0x000000013818ca7b:   bd d8 44 02 00 00 7e 3e 31 db 49 8b 85 e0 44 02 

Register to memory mapping:

RAX=0x0000000000000000 is an unknown value
RBX=0x00007fd89c6751a0 is an unknown value
RCX=0x0000000000000000 is an unknown value
RDX=0x00007fd89c675d10 is an unknown value
RSP=0x000070000d10a6c0 is pointing into the stack for thread: 0x00007fd89f009000
RBP=0x000070000d10a880 is pointing into the stack for thread: 0x00007fd89f009000
RSI=0x0000000000000000 is an unknown value
RDI=0x000070000d10a778 is pointing into the stack for thread: 0x00007fd89f009000
R8 =0x0000000000000000 is an unknown value
R9 =0x0000000000000000 is an unknown value
R10=0x00000000fffe7fff is an unknown value
R11=0xfffffffffe57ccb0 is an unknown value
R12=0x0000000000000000 is an unknown value
R13=0x00007fd8900f0000 is an unknown value
R14=0x0000000000000000 is an unknown value
R15=0x0000000000000000 is an unknown value


Stack: [0x000070000d00c000,0x000070000d10c000],  sp=0x000070000d10a6c0,  free space=1017k
Native frames: (J=compiled Java code, j=interpreted, Vv=VM code, C=native code)
C  [libtesseract.4.dylib+0x17a6b]  tesseract::Tesseract::recog_all_words(PAGE_RES*, ETEXT_DESC*, TBOX const*, char const*, int)+0xaf
C  [libtesseract.4.dylib+0x4647]  tesseract::TessBaseAPI::Recognize(ETEXT_DESC*)+0x379
C  [libtesseract.4.dylib+0x35e5]  tesseract::TessBaseAPI::GetUTF8Text()+0x2b
C  [jna8621879632356493494.tmp+0xdef4]  ffi_call_unix64+0x4c
C  0x000070000d10b338

Java frames: (J=compiled Java code, j=interpreted, Vv=VM code)
j  com.sun.jna.Native.invokePointer(Lcom/sun/jna/Function;JI[Ljava/lang/Object;)J+0
j  com.sun.jna.Function.invokePointer(I[Ljava/lang/Object;)Lcom/sun/jna/Pointer;+7
j  com.sun.jna.Function.invoke([Ljava/lang/Object;Ljava/lang/Class;ZI)Ljava/lang/Object;+385
j  com.sun.jna.Function.invoke(Ljava/lang/reflect/Method;[Ljava/lang/Class;Ljava/lang/Class;[Ljava/lang/Object;Ljava/util/Map;)Ljava/lang/Object;+271
j  com.sun.jna.Library$Handler.invoke(Ljava/lang/Object;Ljava/lang/reflect/Method;[Ljava/lang/Object;)Ljava/lang/Object;+344
j  com.sun.proxy.$Proxy0.TessBaseAPIGetUTF8Text(Lnet/sourceforge/tess4j/ITessAPI$TessBaseAPI;)Lcom/sun/jna/Pointer;+16
j  net.sourceforge.tess4j.Tesseract.getOCRText(Ljava/lang/String;I)Ljava/lang/String;+269
j  net.sourceforge.tess4j.Tesseract.doOCR(Ljava/util/List;Ljava/lang/String;Ljava/awt/Rectangle;)Ljava/lang/String;+69
j  net.sourceforge.tess4j.Tesseract.doOCR(Ljava/util/List;Ljava/awt/Rectangle;)Ljava/lang/String;+4
j  net.sourceforge.tess4j.Tesseract.doOCR(Ljava/awt/image/BufferedImage;Ljava/awt/Rectangle;)Ljava/lang/String;+6
j  net.sourceforge.tess4j.Tesseract.doOCR(Ljava/awt/image/BufferedImage;)Ljava/lang/String;+3
j  com.nit.test.OcrTest.main([Ljava/lang/String;)V+36
v  ~StubRoutines::call_stub

---------------  P R O C E S S  ---------------

Java Threads: ( => current thread )
  0x00007fd89c95e800 JavaThread "Java2D Disposer" daemon [_thread_blocked, id=51467, stack(0x000070000e8e3000,0x000070000e9e3000)]
  0x00007fd89eabb000 JavaThread "AWT-Shutdown" [_thread_blocked, id=36891, stack(0x000070000e4ce000,0x000070000e5ce000)]
  0x00007fd89f210000 JavaThread "AWT-AppKit" daemon [_thread_in_native, id=775, stack(0x00007ffee06c1000,0x00007ffee0ec1000)]
  0x00007fd89e813000 JavaThread "Service Thread" daemon [_thread_blocked, id=16643, stack(0x000070000e245000,0x000070000e345000)]
  0x00007fd87c809000 JavaThread "C1 CompilerThread3" daemon [_thread_blocked, id=16131, stack(0x000070000e142000,0x000070000e242000)]
  0x00007fd87c808800 JavaThread "C2 CompilerThread2" daemon [_thread_blocked, id=15619, stack(0x000070000e03f000,0x000070000e13f000)]
  0x00007fd89f056000 JavaThread "C2 CompilerThread1" daemon [_thread_blocked, id=17667, stack(0x000070000df3c000,0x000070000e03c000)]
  0x00007fd89e812800 JavaThread "C2 CompilerThread0" daemon [_thread_blocked, id=17923, stack(0x000070000de39000,0x000070000df39000)]
  0x00007fd89e811800 JavaThread "Signal Dispatcher" daemon [_thread_blocked, id=18435, stack(0x000070000dd36000,0x000070000de36000)]
  0x00007fd89f019000 JavaThread "Finalizer" daemon [_thread_blocked, id=12803, stack(0x000070000db2d000,0x000070000dc2d000)]
  0x00007fd89d83c800 JavaThread "Reference Handler" daemon [_thread_blocked, id=20483, stack(0x000070000da2a000,0x000070000db2a000)]
=>0x00007fd89f009000 JavaThread "main" [_thread_in_native, id=3587, stack(0x000070000d00c000,0x000070000d10c000)]

Other Threads:
  0x00007fd89d838000 VMThread [stack: 0x000070000d927000,0x000070000da27000] [id=20739]
  0x00007fd89e80f800 WatcherThread [stack: 0x000070000e348000,0x000070000e448000] [id=17155]

VM state:not at safepoint (normal execution)

VM Mutex/Monitor currently owned by a thread: None

Heap:
 PSYoungGen      total 153088K, used 36614K [0x0000000715580000, 0x0000000720000000, 0x00000007c0000000)
  eden space 131584K, 27% used [0x0000000715580000,0x0000000717941a98,0x000000071d600000)
  from space 21504K, 0% used [0x000000071eb00000,0x000000071eb00000,0x0000000720000000)
  to   space 21504K, 0% used [0x000000071d600000,0x000000071d600000,0x000000071eb00000)
 ParOldGen       total 349696K, used 0K [0x00000005c0000000, 0x00000005d5580000, 0x0000000715580000)
  object space 349696K, 0% used [0x00000005c0000000,0x00000005c0000000,0x00000005d5580000)
 Metaspace       used 8699K, capacity 8862K, committed 8960K, reserved 1056768K
  class space    used 958K, capacity 1021K, committed 1024K, reserved 1048576K

Card table byte_map: [0x0000000111174000,0x0000000112175000] byte_map_base: 0x000000010e374000

Marking Bits: (ParMarkBitMap*) 0x00000001106f1ea0
 Begin Bits: [0x0000000121ed4000, 0x0000000129ed4000)
 End Bits:   [0x0000000129ed4000, 0x0000000131ed4000)

Polling page: 0x000000010edb9000

CodeCache: size=245760Kb used=2726Kb max_used=2743Kb free=243033Kb
 bounds [0x0000000112429000, 0x00000001126d9000, 0x0000000121429000]
 total_blobs=991 nmethods=632 adapters=273
 compilation: enabled

Compilation events (10 events):
Event: 1.639 Thread 0x00007fd87c809000  628  s    3       java.util.Vector::elementAt (48 bytes)
Event: 1.640 Thread 0x00007fd87c809000 nmethod 628 0x00000001126cb310 code [0x00000001126cb520, 0x00000001126cc0a8]
Event: 1.644 Thread 0x00007fd89e812800  629       4       sun.awt.image.ByteInterleavedRaster::getByteData (851 bytes)
Event: 1.644 Thread 0x00007fd89f056000 nmethod 615 0x00000001126d3590 code [0x00000001126d37c0, 0x00000001126d48a8]
Event: 1.648 Thread 0x00007fd87c808800  630       4       sun.awt.image.ByteInterleavedRaster::getDataElements (18 bytes)
Event: 1.648 Thread 0x00007fd89f056000  631       4       sun.awt.image.ByteInterleavedRaster::setDataElements (18 bytes)
Event: 1.649 Thread 0x00007fd89f056000 nmethod 631 0x00000001126c9ad0 code [0x00000001126c9c20, 0x00000001126c9d08]
Event: 1.649 Thread 0x00007fd87c808800 nmethod 630 0x00000001126c97d0 code [0x00000001126c9920, 0x00000001126c99e8]
Event: 1.651 Thread 0x00007fd87c809000  632       3       java.util.concurrent.ConcurrentHashMap$Node::<init> (26 bytes)
Event: 1.652 Thread 0x00007fd87c809000 nmethod 632 0x00000001126c9390 code [0x00000001126c9500, 0x00000001126c9710]

GC Heap History (0 events):
No events

Deoptimization events (6 events):
Event: 0.482 Thread 0x00007fd89f009000 Uncommon trap: reason=unstable_if action=reinterpret pc=0x000000011259afc4 method=java.lang.String.indexOf([CII[CIII)I @ 3
Event: 0.604 Thread 0x00007fd89f009000 Uncommon trap: reason=unstable_if action=reinterpret pc=0x000000011265bfd4 method=java.io.UnixFileSystem.normalize(Ljava/lang/String;)Ljava/lang/String; @ 60
Event: 1.626 Thread 0x00007fd89f009000 Uncommon trap: reason=class_check action=maybe_recompile pc=0x00000001126b8500 method=java.io.DataOutputStream.writeByte(I)V @ 5
Event: 1.626 Thread 0x00007fd89f009000 Uncommon trap: reason=class_check action=maybe_recompile pc=0x00000001126b8500 method=java.io.DataOutputStream.writeByte(I)V @ 5
Event: 1.626 Thread 0x00007fd89f009000 Uncommon trap: reason=class_check action=maybe_recompile pc=0x00000001126b8500 method=java.io.DataOutputStream.writeByte(I)V @ 5
Event: 1.626 Thread 0x00007fd89f009000 Uncommon trap: reason=class_check action=maybe_recompile pc=0x00000001126b8500 method=java.io.DataOutputStream.writeByte(I)V @ 5

Internal exceptions (10 events):
Event: 0.026 Thread 0x00007fd89f009000 Exception <a 'java/lang/NoSuchMethodError': Method sun.misc.Unsafe.prefetchRead(Ljava/lang/Object;J)V name or signature does not match> (0x0000000715587f90) thrown at [/Users/java_re/workspace/8-2-build-macosx-x86_64/jdk8u131/8869/hotspot/src/share/vm/pri
Event: 0.103 Thread 0x00007fd89f009000 Exception <a 'java/security/PrivilegedActionException'> (0x0000000715789f50) thrown at [/Users/java_re/workspace/8-2-build-macosx-x86_64/jdk8u131/8869/hotspot/src/share/vm/prims/jvm.cpp, line 1390]
Event: 0.103 Thread 0x00007fd89f009000 Exception <a 'java/security/PrivilegedActionException'> (0x000000071578a160) thrown at [/Users/java_re/workspace/8-2-build-macosx-x86_64/jdk8u131/8869/hotspot/src/share/vm/prims/jvm.cpp, line 1390]
Event: 0.103 Thread 0x00007fd89f009000 Exception <a 'java/security/PrivilegedActionException'> (0x000000071578d490) thrown at [/Users/java_re/workspace/8-2-build-macosx-x86_64/jdk8u131/8869/hotspot/src/share/vm/prims/jvm.cpp, line 1390]
Event: 0.103 Thread 0x00007fd89f009000 Exception <a 'java/security/PrivilegedActionException'> (0x000000071578d6a0) thrown at [/Users/java_re/workspace/8-2-build-macosx-x86_64/jdk8u131/8869/hotspot/src/share/vm/prims/jvm.cpp, line 1390]
Event: 0.135 Thread 0x00007fd89f009000 Exception <a 'java/io/FileNotFoundException'> (0x0000000715c516b8) thrown at [/Users/java_re/workspace/8-2-build-macosx-x86_64/jdk8u131/8869/hotspot/src/share/vm/prims/jni.cpp, line 709]
Event: 0.206 Thread 0x00007fd89f009000 Exception <a 'java/lang/NoSuchFieldError': method resolution failed> (0x0000000715f33bd8) thrown at [/Users/java_re/workspace/8-2-build-macosx-x86_64/jdk8u131/8869/hotspot/src/share/vm/prims/methodHandles.cpp, line 1146]
Event: 0.207 Thread 0x00007fd89f009000 Exception <a 'java/lang/NoSuchFieldError': method resolution failed> (0x0000000715f412c8) thrown at [/Users/java_re/workspace/8-2-build-macosx-x86_64/jdk8u131/8869/hotspot/src/share/vm/prims/methodHandles.cpp, line 1146]
Event: 0.392 Thread 0x00007fd89f009000 Exception <a 'java/io/FileNotFoundException'> (0x0000000715fb9340) thrown at [/Users/java_re/workspace/8-2-build-macosx-x86_64/jdk8u131/8869/hotspot/src/share/vm/prims/jni.cpp, line 709]
Event: 0.392 Thread 0x00007fd89f009000 Exception <a 'java/io/FileNotFoundException'> (0x0000000715fb9e78) thrown at [/Users/java_re/workspace/8-2-build-macosx-x86_64/jdk8u131/8869/hotspot/src/share/vm/prims/jni.cpp, line 709]

Events (10 events):
Event: 1.643 loading class com/sun/jna/Function$PointerArray
Event: 1.643 loading class com/sun/jna/Function$PointerArray done
Event: 1.643 loading class java/util/Collections$EmptyEnumeration
Event: 1.643 loading class java/util/Collections$EmptyEnumeration done
Event: 1.651 loading class java/nio/DirectByteBuffer$Deallocator
Event: 1.651 loading class java/nio/DirectByteBuffer$Deallocator done
Event: 1.651 loading class java/lang/StrictMath
Event: 1.652 loading class java/lang/StrictMath done
Event: 1.652 loading class com/sun/jna/Native$Buffers
Event: 1.652 loading class com/sun/jna/Native$Buffers done


Dynamic libraries:
0x0000000000a91000 	/System/Library/Frameworks/Cocoa.framework/Versions/A/Cocoa
0x0000000000a91000 	/System/Library/Frameworks/Security.framework/Versions/A/Security
0x0000000000a91000 	/System/Library/Frameworks/ApplicationServices.framework/Versions/A/ApplicationServices
0x0000000000a91000 	/usr/lib/libz.1.dylib
0x0000000000a91000 	/usr/lib/libSystem.B.dylib
0x0000000000a91000 	/usr/lib/libobjc.A.dylib
0x0000000000a91000 	/System/Library/Frameworks/CoreFoundation.framework/Versions/A/CoreFoundation
0x0000000000a91000 	/System/Library/Frameworks/Foundation.framework/Versions/C/Foundation
0x0000000000a91000 	/System/Library/Frameworks/AppKit.framework/Versions/C/AppKit
0x0000000000a91000 	/System/Library/Frameworks/CoreData.framework/Versions/A/CoreData
0x0000000000a91000 	/System/Library/PrivateFrameworks/UIFoundation.framework/Versions/A/UIFoundation
0x0000000000a91000 	/System/Library/PrivateFrameworks/RemoteViewServices.framework/Versions/A/RemoteViewServices
0x0000000000a91000 	/System/Library/PrivateFrameworks/XCTTargetBootstrap.framework/Versions/A/XCTTargetBootstrap
0x0000000000a91000 	/System/Library/Frameworks/CoreDisplay.framework/Versions/A/CoreDisplay
0x0000000000a91000 	/System/Library/Frameworks/Metal.framework/Versions/A/Metal
0x0000000000a91000 	/System/Library/PrivateFrameworks/DesktopServicesPriv.framework/Versions/A/DesktopServicesPriv
0x0000000000a91000 	/usr/lib/liblangid.dylib
0x0000000000a91000 	/System/Library/PrivateFrameworks/CoreSVG.framework/Versions/A/CoreSVG
0x0000000000a91000 	/System/Library/PrivateFrameworks/SkyLight.framework/Versions/A/SkyLight
0x0000000000a91000 	/System/Library/Frameworks/CoreGraphics.framework/Versions/A/CoreGraphics
0x0000000000a91000 	/System/Library/Frameworks/Accelerate.framework/Versions/A/Accelerate
0x0000000000a91000 	/usr/lib/libxml2.2.dylib
0x0000000000a91000 	/System/Library/PrivateFrameworks/IconServices.framework/Versions/A/IconServices
0x0000000000a91000 	/System/Library/Frameworks/IOSurface.framework/Versions/A/IOSurface
0x0000000000a91000 	/usr/lib/libDiagnosticMessagesClient.dylib
0x0000000000a91000 	/System/Library/PrivateFrameworks/DFRFoundation.framework/Versions/A/DFRFoundation
0x0000000000a91000 	/usr/lib/libicucore.A.dylib
0x0000000000a91000 	/System/Library/Frameworks/AudioToolbox.framework/Versions/A/AudioToolbox
0x0000000000a91000 	/System/Library/Frameworks/AudioUnit.framework/Versions/A/AudioUnit
0x0000000000a91000 	/usr/lib/libauto.dylib
0x0000000000a91000 	/System/Library/PrivateFrameworks/DataDetectorsCore.framework/Versions/A/DataDetectorsCore
0x0000000000a91000 	/System/Library/Frameworks/Carbon.framework/Versions/A/Frameworks/HIToolbox.framework/Versions/A/HIToolbox
0x0000000000a91000 	/System/Library/Frameworks/QuartzCore.framework/Versions/A/QuartzCore
0x0000000000a91000 	/System/Library/Frameworks/Carbon.framework/Versions/A/Frameworks/SpeechRecognition.framework/Versions/A/SpeechRecognition
0x0000000000a91000 	/System/Library/PrivateFrameworks/CoreUI.framework/Versions/A/CoreUI
0x0000000000a91000 	/System/Library/Frameworks/CoreAudio.framework/Versions/A/CoreAudio
0x0000000000a91000 	/System/Library/Frameworks/DiskArbitration.framework/Versions/A/DiskArbitration
0x0000000000a91000 	/System/Library/PrivateFrameworks/MultitouchSupport.framework/Versions/A/MultitouchSupport
0x0000000000a91000 	/usr/lib/libenergytrace.dylib
0x0000000000a91000 	/System/Library/Frameworks/IOKit.framework/Versions/A/IOKit
0x0000000000a91000 	/System/Library/Frameworks/CoreServices.framework/Versions/A/CoreServices
0x0000000000a91000 	/System/Library/PrivateFrameworks/PerformanceAnalysis.framework/Versions/A/PerformanceAnalysis
0x0000000000a91000 	/System/Library/Frameworks/OpenGL.framework/Versions/A/OpenGL
0x0000000000a91000 	/System/Library/Frameworks/ColorSync.framework/Versions/A/ColorSync
0x0000000000a91000 	/System/Library/Frameworks/CoreImage.framework/Versions/A/CoreImage
0x0000000000a91000 	/System/Library/Frameworks/CoreText.framework/Versions/A/CoreText
0x0000000000a91000 	/System/Library/Frameworks/ImageIO.framework/Versions/A/ImageIO
0x0000000000a91000 	/usr/lib/libc++.1.dylib
0x0000000000a91000 	/usr/lib/libcompression.dylib
0x0000000000a91000 	/usr/lib/libMobileGestalt.dylib
0x0000000000a91000 	/System/Library/PrivateFrameworks/TextureIO.framework/Versions/A/TextureIO
0x0000000000a91000 	/usr/lib/libate.dylib
0x0000000000a91000 	/System/Library/PrivateFrameworks/InternationalSupport.framework/Versions/A/InternationalSupport
0x0000000000a91000 	/usr/lib/system/libcache.dylib
0x0000000000a91000 	/usr/lib/system/libcommonCrypto.dylib
0x0000000000a91000 	/usr/lib/system/libcompiler_rt.dylib
0x0000000000a91000 	/usr/lib/system/libcopyfile.dylib
0x0000000000a91000 	/usr/lib/system/libcorecrypto.dylib
0x0000000000a91000 	/usr/lib/system/libdispatch.dylib
0x0000000000a91000 	/usr/lib/system/libdyld.dylib
0x0000000000a91000 	/usr/lib/system/libkeymgr.dylib
0x0000000000a91000 	/usr/lib/system/liblaunch.dylib
0x0000000000a91000 	/usr/lib/system/libmacho.dylib
0x0000000000a91000 	/usr/lib/system/libquarantine.dylib
0x0000000000a91000 	/usr/lib/system/libremovefile.dylib
0x0000000000a91000 	/usr/lib/system/libsystem_asl.dylib
0x0000000000a91000 	/usr/lib/system/libsystem_blocks.dylib
0x0000000000a91000 	/usr/lib/system/libsystem_c.dylib
0x0000000000a91000 	/usr/lib/system/libsystem_configuration.dylib
0x0000000000a91000 	/usr/lib/system/libsystem_coreservices.dylib
0x0000000000a91000 	/usr/lib/system/libsystem_darwin.dylib
0x0000000000a91000 	/usr/lib/system/libsystem_dnssd.dylib
0x0000000000a91000 	/usr/lib/system/libsystem_featureflags.dylib
0x0000000000a91000 	/usr/lib/system/libsystem_info.dylib
0x0000000000a91000 	/usr/lib/system/libsystem_m.dylib
0x0000000000a91000 	/usr/lib/system/libsystem_malloc.dylib
0x0000000000a91000 	/usr/lib/system/libsystem_networkextension.dylib
0x0000000000a91000 	/usr/lib/system/libsystem_notify.dylib
0x0000000000a91000 	/usr/lib/system/libsystem_sandbox.dylib
0x0000000000a91000 	/usr/lib/system/libsystem_secinit.dylib
0x0000000000a91000 	/usr/lib/system/libsystem_kernel.dylib
0x0000000000a91000 	/usr/lib/system/libsystem_platform.dylib
0x0000000000a91000 	/usr/lib/system/libsystem_pthread.dylib
0x0000000000a91000 	/usr/lib/system/libsystem_symptoms.dylib
0x0000000000a91000 	/usr/lib/system/libsystem_trace.dylib
0x0000000000a91000 	/usr/lib/system/libunwind.dylib
0x0000000000a91000 	/usr/lib/system/libxpc.dylib
0x0000000000a91000 	/usr/lib/libc++abi.dylib
0x0000000000a91000 	/usr/lib/liblzma.5.dylib
0x0000000000a91000 	/usr/lib/libfakelink.dylib
0x0000000000a91000 	/usr/lib/libarchive.2.dylib
0x0000000000a91000 	/System/Library/Frameworks/SystemConfiguration.framework/Versions/A/SystemConfiguration
0x0000000000a91000 	/usr/lib/libCRFSuite.dylib
0x0000000000a91000 	/System/Library/Frameworks/CFNetwork.framework/Versions/A/CFNetwork
0x0000000000a91000 	/usr/lib/libbsm.0.dylib
0x0000000000a91000 	/usr/lib/system/libkxld.dylib
0x0000000000a91000 	/System/Library/PrivateFrameworks/AppleFSCompression.framework/Versions/A/AppleFSCompression
0x0000000000a91000 	/usr/lib/libcoretls.dylib
0x0000000000a91000 	/usr/lib/libcoretls_cfhelpers.dylib
0x0000000000a91000 	/usr/lib/libpam.2.dylib
0x0000000000a91000 	/usr/lib/libsqlite3.dylib
0x0000000000a91000 	/usr/lib/libxar.1.dylib
0x0000000000a91000 	/usr/lib/libbz2.1.0.dylib
0x0000000000a91000 	/usr/lib/libiconv.2.dylib
0x0000000000a91000 	/usr/lib/libcharset.1.dylib
0x0000000000a91000 	/usr/lib/libnetwork.dylib
0x0000000000a91000 	/usr/lib/libpcap.A.dylib
0x0000000000a91000 	/usr/lib/libapple_nghttp2.dylib
0x0000000000a91000 	/System/Library/Frameworks/CoreServices.framework/Versions/A/Frameworks/FSEvents.framework/Versions/A/FSEvents
0x0000000000a91000 	/System/Library/Frameworks/CoreServices.framework/Versions/A/Frameworks/CarbonCore.framework/Versions/A/CarbonCore
0x0000000000a91000 	/System/Library/Frameworks/CoreServices.framework/Versions/A/Frameworks/Metadata.framework/Versions/A/Metadata
0x0000000000a91000 	/System/Library/Frameworks/CoreServices.framework/Versions/A/Frameworks/OSServices.framework/Versions/A/OSServices
0x0000000000a91000 	/System/Library/Frameworks/CoreServices.framework/Versions/A/Frameworks/SearchKit.framework/Versions/A/SearchKit
0x0000000000a91000 	/System/Library/Frameworks/CoreServices.framework/Versions/A/Frameworks/AE.framework/Versions/A/AE
0x0000000000a91000 	/System/Library/Frameworks/CoreServices.framework/Versions/A/Frameworks/LaunchServices.framework/Versions/A/LaunchServices
0x0000000000a91000 	/System/Library/Frameworks/CoreServices.framework/Versions/A/Frameworks/DictionaryServices.framework/Versions/A/DictionaryServices
0x0000000000a91000 	/System/Library/Frameworks/CoreServices.framework/Versions/A/Frameworks/SharedFileList.framework/Versions/A/SharedFileList
0x0000000000a91000 	/System/Library/Frameworks/NetFS.framework/Versions/A/NetFS
0x0000000000a91000 	/System/Library/PrivateFrameworks/NetAuth.framework/Versions/A/NetAuth
0x0000000000a91000 	/System/Library/PrivateFrameworks/login.framework/Versions/A/Frameworks/loginsupport.framework/Versions/A/loginsupport
0x0000000000a91000 	/System/Library/PrivateFrameworks/TCC.framework/Versions/A/TCC
0x0000000000a91000 	/System/Library/PrivateFrameworks/CoreNLP.framework/Versions/A/CoreNLP
0x0000000000a91000 	/System/Library/PrivateFrameworks/MetadataUtilities.framework/Versions/A/MetadataUtilities
0x0000000000a91000 	/usr/lib/libmecabra.dylib
0x0000000000a91000 	/usr/lib/libmecab.dylib
0x0000000000a91000 	/usr/lib/libgermantok.dylib
0x0000000000a91000 	/usr/lib/libThaiTokenizer.dylib
0x0000000000a91000 	/usr/lib/libChineseTokenizer.dylib
0x0000000000a91000 	/System/Library/Frameworks/Accelerate.framework/Versions/A/Frameworks/vImage.framework/Versions/A/vImage
0x0000000000a91000 	/System/Library/Frameworks/Accelerate.framework/Versions/A/Frameworks/vecLib.framework/Versions/A/vecLib
0x0000000000a91000 	/System/Library/Frameworks/Accelerate.framework/Versions/A/Frameworks/vecLib.framework/Versions/A/libvMisc.dylib
0x0000000000a91000 	/System/Library/Frameworks/Accelerate.framework/Versions/A/Frameworks/vecLib.framework/Versions/A/libvDSP.dylib
0x0000000000a91000 	/System/Library/Frameworks/Accelerate.framework/Versions/A/Frameworks/vecLib.framework/Versions/A/libBLAS.dylib
0x0000000000a91000 	/System/Library/Frameworks/Accelerate.framework/Versions/A/Frameworks/vecLib.framework/Versions/A/libLAPACK.dylib
0x0000000000a91000 	/System/Library/Frameworks/Accelerate.framework/Versions/A/Frameworks/vecLib.framework/Versions/A/libLinearAlgebra.dylib
0x0000000000a91000 	/System/Library/Frameworks/Accelerate.framework/Versions/A/Frameworks/vecLib.framework/Versions/A/libSparseBLAS.dylib
0x0000000000a91000 	/System/Library/Frameworks/Accelerate.framework/Versions/A/Frameworks/vecLib.framework/Versions/A/libQuadrature.dylib
0x0000000000a91000 	/System/Library/Frameworks/Accelerate.framework/Versions/A/Frameworks/vecLib.framework/Versions/A/libBNNS.dylib
0x0000000000a91000 	/System/Library/Frameworks/Accelerate.framework/Versions/A/Frameworks/vecLib.framework/Versions/A/libSparse.dylib
0x0000000000a91000 	/System/Library/PrivateFrameworks/LanguageModeling.framework/Versions/A/LanguageModeling
0x0000000000a91000 	/System/Library/PrivateFrameworks/CoreEmoji.framework/Versions/A/CoreEmoji
0x0000000000a91000 	/System/Library/PrivateFrameworks/LinguisticData.framework/Versions/A/LinguisticData
0x0000000000a91000 	/System/Library/PrivateFrameworks/Lexicon.framework/Versions/A/Lexicon
0x0000000000a91000 	/usr/lib/libcmph.dylib
0x0000000000a91000 	/System/Library/Frameworks/OpenDirectory.framework/Versions/A/Frameworks/CFOpenDirectory.framework/Versions/A/CFOpenDirectory
0x0000000000a91000 	/System/Library/Frameworks/OpenDirectory.framework/Versions/A/OpenDirectory
0x0000000000a91000 	/System/Library/PrivateFrameworks/APFS.framework/Versions/A/APFS
0x0000000000a91000 	/System/Library/Frameworks/SecurityFoundation.framework/Versions/A/SecurityFoundation
0x0000000000a91000 	/usr/lib/libutil.dylib
0x0000000000a91000 	/System/Library/PrivateFrameworks/CoreServicesStore.framework/Versions/A/CoreServicesStore
0x0000000000a91000 	/System/Library/Frameworks/ServiceManagement.framework/Versions/A/ServiceManagement
0x0000000000a91000 	/System/Library/PrivateFrameworks/BackgroundTaskManagement.framework/Versions/A/BackgroundTaskManagement
0x0000000000a91000 	/usr/lib/libxslt.1.dylib
0x0000000000a91000 	/System/Library/PrivateFrameworks/AppleSystemInfo.framework/Versions/A/AppleSystemInfo
0x0000000000a91000 	/System/Library/Frameworks/ImageIO.framework/Versions/A/Resources/libJPEG.dylib
0x0000000000a91000 	/System/Library/Frameworks/ImageIO.framework/Versions/A/Resources/libTIFF.dylib
0x0000000000a91000 	/System/Library/Frameworks/ImageIO.framework/Versions/A/Resources/libPng.dylib
0x0000000000a91000 	/System/Library/Frameworks/ImageIO.framework/Versions/A/Resources/libGIF.dylib
0x0000000000a91000 	/System/Library/Frameworks/ImageIO.framework/Versions/A/Resources/libJP2.dylib
0x0000000000a91000 	/System/Library/Frameworks/ImageIO.framework/Versions/A/Resources/libRadiance.dylib
0x0000000000a91000 	/usr/lib/libexpat.1.dylib
0x0000000000a91000 	/System/Library/PrivateFrameworks/AppleJPEG.framework/Versions/A/AppleJPEG
0x0000000000a91000 	/System/Library/PrivateFrameworks/FontServices.framework/libFontParser.dylib
0x0000000000a91000 	/System/Library/PrivateFrameworks/WatchdogClient.framework/Versions/A/WatchdogClient
0x0000000000a91000 	/System/Library/PrivateFrameworks/IOAccelerator.framework/Versions/A/IOAccelerator
0x0000000000a91000 	/System/Library/Frameworks/MetalPerformanceShaders.framework/Versions/A/MetalPerformanceShaders
0x0000000000a91000 	/System/Library/PrivateFrameworks/GPUWrangler.framework/Versions/A/GPUWrangler
0x0000000000a91000 	/System/Library/PrivateFrameworks/IOPresentment.framework/Versions/A/IOPresentment
0x0000000000a91000 	/System/Library/PrivateFrameworks/DSExternalDisplay.framework/Versions/A/DSExternalDisplay
0x0000000000a91000 	/System/Library/Frameworks/OpenGL.framework/Versions/A/Libraries/libCoreFSCache.dylib
0x0000000000a91000 	/System/Library/Frameworks/MetalPerformanceShaders.framework/Frameworks/MPSCore.framework/Versions/A/MPSCore
0x0000000000a91000 	/System/Library/Frameworks/MetalPerformanceShaders.framework/Frameworks/MPSImage.framework/Versions/A/MPSImage
0x0000000000a91000 	/System/Library/Frameworks/MetalPerformanceShaders.framework/Frameworks/MPSNeuralNetwork.framework/Versions/A/MPSNeuralNetwork
0x0000000000a91000 	/System/Library/Frameworks/MetalPerformanceShaders.framework/Frameworks/MPSMatrix.framework/Versions/A/MPSMatrix
0x0000000000a91000 	/System/Library/Frameworks/MetalPerformanceShaders.framework/Frameworks/MPSRayIntersector.framework/Versions/A/MPSRayIntersector
0x0000000000a91000 	/System/Library/Frameworks/MetalPerformanceShaders.framework/Frameworks/MPSNDArray.framework/Versions/A/MPSNDArray
0x0000000000a91000 	/System/Library/PrivateFrameworks/MetalTools.framework/Versions/A/MetalTools
0x0000000000a91000 	/System/Library/PrivateFrameworks/AggregateDictionary.framework/Versions/A/AggregateDictionary
0x0000000000a91000 	/System/Library/PrivateFrameworks/CoreAnalytics.framework/Versions/A/CoreAnalytics
0x0000000000a91000 	/System/Library/PrivateFrameworks/AppleSauce.framework/Versions/A/AppleSauce
0x0000000000a91000 	/usr/lib/libIOReport.dylib
0x0000000000a91000 	/System/Library/Frameworks/CoreVideo.framework/Versions/A/CoreVideo
0x0000000000a91000 	/System/Library/PrivateFrameworks/GraphVisualizer.framework/Versions/A/GraphVisualizer
0x0000000000a91000 	/System/Library/PrivateFrameworks/FaceCore.framework/Versions/A/FaceCore
0x0000000000a91000 	/System/Library/Frameworks/OpenCL.framework/Versions/A/OpenCL
0x0000000000a91000 	/usr/lib/libFosl_dynamic.dylib
0x0000000000a91000 	/System/Library/PrivateFrameworks/OTSVG.framework/Versions/A/OTSVG
0x0000000000a91000 	/System/Library/Frameworks/ApplicationServices.framework/Versions/A/Frameworks/ATS.framework/Versions/A/Resources/libFontRegistry.dylib
0x0000000000a91000 	/System/Library/PrivateFrameworks/FontServices.framework/libhvf.dylib
0x0000000000a91000 	/System/Library/Frameworks/OpenGL.framework/Versions/A/Libraries/libGFXShared.dylib
0x0000000000a91000 	/System/Library/Frameworks/OpenGL.framework/Versions/A/Libraries/libGLU.dylib
0x0000000000a91000 	/System/Library/Frameworks/OpenGL.framework/Versions/A/Libraries/libGL.dylib
0x0000000000a91000 	/System/Library/Frameworks/OpenGL.framework/Versions/A/Libraries/libGLImage.dylib
0x0000000000a91000 	/System/Library/Frameworks/OpenGL.framework/Versions/A/Libraries/libCVMSPluginSupport.dylib
0x0000000000a91000 	/System/Library/Frameworks/OpenGL.framework/Versions/A/Libraries/libCoreVMClient.dylib
0x0000000000a91000 	/usr/lib/libncurses.5.4.dylib
0x0000000000a91000 	/System/Library/Frameworks/ApplicationServices.framework/Versions/A/Frameworks/ATS.framework/Versions/A/ATS
0x0000000000a91000 	/System/Library/Frameworks/ApplicationServices.framework/Versions/A/Frameworks/ColorSyncLegacy.framework/Versions/A/ColorSyncLegacy
0x0000000000a91000 	/System/Library/Frameworks/ApplicationServices.framework/Versions/A/Frameworks/HIServices.framework/Versions/A/HIServices
0x0000000000a91000 	/System/Library/Frameworks/ApplicationServices.framework/Versions/A/Frameworks/LangAnalysis.framework/Versions/A/LangAnalysis
0x0000000000a91000 	/System/Library/Frameworks/ApplicationServices.framework/Versions/A/Frameworks/PrintCore.framework/Versions/A/PrintCore
0x0000000000a91000 	/System/Library/Frameworks/ApplicationServices.framework/Versions/A/Frameworks/QD.framework/Versions/A/QD
0x0000000000a91000 	/System/Library/Frameworks/ApplicationServices.framework/Versions/A/Frameworks/SpeechSynthesis.framework/Versions/A/SpeechSynthesis
0x0000000000a91000 	/System/Library/Frameworks/ApplicationServices.framework/Versions/A/Frameworks/ATSUI.framework/Versions/A/ATSUI
0x0000000000a91000 	/usr/lib/libcups.2.dylib
0x0000000000a91000 	/System/Library/Frameworks/Kerberos.framework/Versions/A/Kerberos
0x0000000000a91000 	/System/Library/Frameworks/GSS.framework/Versions/A/GSS
0x0000000000a91000 	/usr/lib/libresolv.9.dylib
0x0000000000a91000 	/System/Library/PrivateFrameworks/Heimdal.framework/Versions/A/Heimdal
0x0000000000a91000 	/System/Library/Frameworks/Kerberos.framework/Versions/A/Libraries/libHeimdalProxy.dylib
0x0000000000a91000 	/usr/lib/libheimdal-asn1.dylib
0x0000000000a91000 	/System/Library/PrivateFrameworks/CommonAuth.framework/Versions/A/CommonAuth
0x0000000000a91000 	/System/Library/PrivateFrameworks/AssertionServices.framework/Versions/A/AssertionServices
0x0000000000a91000 	/System/Library/PrivateFrameworks/AudioToolboxCore.framework/Versions/A/AudioToolboxCore
0x0000000000a91000 	/System/Library/PrivateFrameworks/caulk.framework/Versions/A/caulk
0x0000000000a91000 	/System/Library/PrivateFrameworks/BaseBoard.framework/Versions/A/BaseBoard
0x0000000000a91000 	/System/Library/PrivateFrameworks/RunningBoardServices.framework/Versions/A/RunningBoardServices
0x0000000000a91000 	/System/Library/PrivateFrameworks/PersistentConnection.framework/Versions/A/PersistentConnection
0x0000000000a91000 	/System/Library/PrivateFrameworks/ProtocolBuffer.framework/Versions/A/ProtocolBuffer
0x0000000000a91000 	/System/Library/PrivateFrameworks/CommonUtilities.framework/Versions/A/CommonUtilities
0x0000000000a91000 	/System/Library/PrivateFrameworks/Bom.framework/Versions/A/Bom
0x0000000000a91000 	/usr/lib/libAudioToolboxUtility.dylib
0x0000000000a91000 	/System/Library/PrivateFrameworks/Backup.framework/Versions/A/Backup
0x0000000000a91000 	/System/Library/PrivateFrameworks/CrashReporterSupport.framework/Versions/A/CrashReporterSupport
0x0000000000a91000 	/System/Library/PrivateFrameworks/Sharing.framework/Versions/A/Sharing
0x0000000000a91000 	/System/Library/PrivateFrameworks/Apple80211.framework/Versions/A/Apple80211
0x0000000000a91000 	/System/Library/PrivateFrameworks/AuthKit.framework/Versions/A/AuthKit
0x0000000000a91000 	/System/Library/PrivateFrameworks/CoreUtils.framework/Versions/A/CoreUtils
0x0000000000a91000 	/System/Library/Frameworks/CoreWLAN.framework/Versions/A/CoreWLAN
0x0000000000a91000 	/System/Library/Frameworks/IOBluetooth.framework/Versions/A/IOBluetooth
0x0000000000a91000 	/System/Library/PrivateFrameworks/MobileKeyBag.framework/Versions/A/MobileKeyBag
0x0000000000a91000 	/System/Library/PrivateFrameworks/CorePhoneNumbers.framework/Versions/A/CorePhoneNumbers
0x0000000000a91000 	/System/Library/PrivateFrameworks/AppleIDAuthSupport.framework/Versions/A/AppleIDAuthSupport
0x0000000000a91000 	/System/Library/Frameworks/Network.framework/Versions/A/Network
0x0000000000a91000 	/System/Library/PrivateFrameworks/KeychainCircle.framework/Versions/A/KeychainCircle
0x0000000000a91000 	/System/Library/Frameworks/CoreBluetooth.framework/Versions/A/CoreBluetooth
0x0000000000a91000 	/System/Library/PrivateFrameworks/SpeechRecognitionCore.framework/Versions/A/SpeechRecognitionCore
0x0000000000a91000 	/System/Library/CoreServices/Encodings/libSimplifiedChineseConverter.dylib
0x000000010fe00000 	/Library/Java/JavaVirtualMachines/jdk1.8.0_131.jdk/Contents/Home/jre/lib/server/libjvm.dylib
0x0000000000a91000 	/usr/lib/libstdc++.6.dylib
0x000000010ed76000 	/Library/Java/JavaVirtualMachines/jdk1.8.0_131.jdk/Contents/Home/jre/lib/libverify.dylib
0x000000010ed84000 	/Library/Java/JavaVirtualMachines/jdk1.8.0_131.jdk/Contents/Home/jre/lib/libjava.dylib
0x0000000110dab000 	/Library/Java/JavaVirtualMachines/jdk1.8.0_131.jdk/Contents/Home/jre/lib/libzip.dylib
0x0000000000a91000 	/System/Library/Frameworks/JavaVM.framework/Versions/A/Frameworks/JavaRuntimeSupport.framework/Versions/A/JavaRuntimeSupport
0x0000000000a91000 	/System/Library/Frameworks/JavaVM.framework/Versions/A/Frameworks/JavaNativeFoundation.framework/Versions/A/JavaNativeFoundation
0x0000000000a91000 	/System/Library/Frameworks/JavaVM.framework/Versions/A/JavaVM
0x0000000000a91000 	/System/Library/Frameworks/Carbon.framework/Versions/A/Carbon
0x0000000000a91000 	/System/Library/PrivateFrameworks/CoreSymbolication.framework/Versions/A/CoreSymbolication
0x0000000000a91000 	/System/Library/PrivateFrameworks/JavaLaunching.framework/Versions/A/JavaLaunching
0x0000000000a91000 	/System/Library/Frameworks/Carbon.framework/Versions/A/Frameworks/CommonPanels.framework/Versions/A/CommonPanels
0x0000000000a91000 	/System/Library/Frameworks/Carbon.framework/Versions/A/Frameworks/Help.framework/Versions/A/Help
0x0000000000a91000 	/System/Library/Frameworks/Carbon.framework/Versions/A/Frameworks/ImageCapture.framework/Versions/A/ImageCapture
0x0000000000a91000 	/System/Library/Frameworks/Carbon.framework/Versions/A/Frameworks/OpenScripting.framework/Versions/A/OpenScripting
0x0000000000a91000 	/System/Library/Frameworks/Carbon.framework/Versions/A/Frameworks/Ink.framework/Versions/A/Ink
0x0000000000a91000 	/System/Library/Frameworks/Carbon.framework/Versions/A/Frameworks/Print.framework/Versions/A/Print
0x0000000000a91000 	/System/Library/Frameworks/Carbon.framework/Versions/A/Frameworks/SecurityHI.framework/Versions/A/SecurityHI
0x0000000000a91000 	/System/Library/PrivateFrameworks/DebugSymbols.framework/Versions/A/DebugSymbols
0x00000001354f1000 	/Library/Java/JavaVirtualMachines/jdk1.8.0_131.jdk/Contents/Home/jre/lib/libawt.dylib
0x0000000135599000 	/Library/Java/JavaVirtualMachines/jdk1.8.0_131.jdk/Contents/Home/jre/lib/libmlib_image.dylib
0x0000000135665000 	/Library/Java/JavaVirtualMachines/jdk1.8.0_131.jdk/Contents/Home/jre/lib/libawt_lwawt.dylib
0x000000013571c000 	/Library/Java/JavaVirtualMachines/jdk1.8.0_131.jdk/Contents/Home/jre/lib/libosxapp.dylib
0x0000000000a91000 	/System/Library/Frameworks/ExceptionHandling.framework/Versions/A/ExceptionHandling
0x0000000000a91000 	/System/Library/PrivateFrameworks/CoreServicesInternal.framework/Versions/A/CoreServicesInternal
0x0000000000a91000 	/System/Library/Frameworks/FileProvider.framework/Versions/A/FileProvider
0x0000000000a91000 	/System/Library/Frameworks/Accounts.framework/Versions/A/Accounts
0x0000000000a91000 	/System/Library/PrivateFrameworks/GenerationalStorage.framework/Versions/A/GenerationalStorage
0x0000000000a91000 	/System/Library/PrivateFrameworks/SymptomDiagnosticReporter.framework/Versions/A/SymptomDiagnosticReporter
0x0000000000a91000 	/System/Library/PrivateFrameworks/AppContainer.framework/Versions/A/AppContainer
0x0000000000a91000 	/usr/lib/libsandbox.1.dylib
0x0000000000a91000 	/System/Library/PrivateFrameworks/UserManagement.framework/Versions/A/UserManagement
0x0000000000a91000 	/System/Library/PrivateFrameworks/ChunkingLibrary.framework/Versions/A/ChunkingLibrary
0x0000000000a91000 	/System/Library/PrivateFrameworks/AppSandbox.framework/Versions/A/AppSandbox
0x0000000000a91000 	/System/Library/PrivateFrameworks/SecCodeWrapper.framework/Versions/A/SecCodeWrapper
0x0000000000a91000 	/usr/lib/libMatch.1.dylib
0x0000000000a91000 	/System/Library/CoreServices/RawCamera.bundle/Contents/MacOS/RawCamera
0x0000000000a91000 	/System/Library/PrivateFrameworks/MobileAsset.framework/Versions/A/MobileAsset
0x0000000000a91000 	/System/Library/PrivateFrameworks/StreamingZip.framework/Versions/A/StreamingZip
0x0000000000a91000 	/System/Library/Frameworks/MediaToolbox.framework/Versions/A/MediaToolbox
0x0000000000a91000 	/System/Library/PrivateFrameworks/CoreAVCHD.framework/Versions/A/CoreAVCHD
0x0000000000a91000 	/System/Library/Frameworks/MediaAccessibility.framework/Versions/A/MediaAccessibility
0x0000000000a91000 	/System/Library/PrivateFrameworks/Mangrove.framework/Versions/A/Mangrove
0x0000000000a91000 	/System/Library/Frameworks/CoreMedia.framework/Versions/A/CoreMedia
0x0000000000a91000 	/System/Library/PrivateFrameworks/MediaExperience.framework/Versions/A/MediaExperience
0x0000000000a91000 	/System/Library/Frameworks/VideoToolbox.framework/Versions/A/VideoToolbox
0x0000000000a91000 	/System/Library/PrivateFrameworks/CoreAUC.framework/Versions/A/CoreAUC
0x0000000000a91000 	/usr/lib/libspindump.dylib
0x0000000000a91000 	/System/Library/PrivateFrameworks/AudioResourceArbitration.framework/Versions/A/AudioResourceArbitration
0x0000000000a91000 	/System/Library/PrivateFrameworks/AppleVA.framework/Versions/A/AppleVA
0x0000000000a91000 	/System/Library/Frameworks/Accelerate.framework/Versions/A/Frameworks/vImage.framework/Versions/A/Libraries/libCGInterfaces.dylib
0x0000000136fbb000 	/usr/lib/libobjc-trampolines.dylib
0x0000000000a91000 	/System/Library/PrivateFrameworks/FamilyControls.framework/Versions/A/FamilyControls
0x0000000000a91000 	/System/Library/PrivateFrameworks/CommerceKit.framework/Versions/A/Frameworks/CommerceCore.framework/Versions/A/CommerceCore
0x0000000000a91000 	/System/Library/PrivateFrameworks/SystemAdministration.framework/Versions/A/SystemAdministration
0x0000000000a91000 	/System/Library/PrivateFrameworks/DiskManagement.framework/Versions/A/DiskManagement
0x0000000000a91000 	/System/Library/Frameworks/DirectoryService.framework/Versions/A/DirectoryService
0x0000000000a91000 	/System/Library/PrivateFrameworks/DiskImages.framework/Versions/A/DiskImages
0x0000000000a91000 	/System/Library/PrivateFrameworks/LoginUIKit.framework/Versions/A/Frameworks/LoginUICore.framework/Versions/A/LoginUICore
0x0000000000a91000 	/usr/lib/libCoreStorage.dylib
0x0000000000a91000 	/usr/lib/libcsfde.dylib
0x0000000000a91000 	/usr/lib/libodfde.dylib
0x0000000000a91000 	/System/Library/PrivateFrameworks/MediaKit.framework/Versions/A/MediaKit
0x0000000000a91000 	/System/Library/Frameworks/DiscRecording.framework/Versions/A/DiscRecording
0x0000000000a91000 	/System/Library/PrivateFrameworks/EFILogin.framework/Versions/A/EFILogin
0x0000000000a91000 	/System/Library/PrivateFrameworks/ProtectedCloudStorage.framework/Versions/A/ProtectedCloudStorage
0x0000000000a91000 	/usr/lib/libcurl.4.dylib
0x0000000000a91000 	/usr/lib/libcrypto.44.dylib
0x0000000000a91000 	/usr/lib/libssl.46.dylib
0x0000000000a91000 	/System/Library/Frameworks/LDAP.framework/Versions/A/LDAP
0x0000000000a91000 	/System/Library/PrivateFrameworks/TrustEvaluationAgent.framework/Versions/A/TrustEvaluationAgent
0x0000000000a91000 	/usr/lib/libsasl2.2.dylib
0x0000000000a91000 	/System/Library/PrivateFrameworks/CoreDaemon.framework/Versions/B/CoreDaemon
0x0000000000a91000 	/System/Library/PrivateFrameworks/AppleSRP.framework/Versions/A/AppleSRP
0x0000000000a91000 	/System/Library/PrivateFrameworks/ViewBridge.framework/Versions/A/ViewBridge
0x0000000000a91000 	/System/Library/PrivateFrameworks/login.framework/Versions/A/login
0x0000000000a91000 	/System/Library/PrivateFrameworks/FontServices.framework/libTrueTypeScaler.dylib
0x0000000000a91000 	/System/Library/Extensions/AppleIntelICLGraphicsMTLDriver.bundle/Contents/MacOS/AppleIntelICLGraphicsMTLDriver
0x0000000000a91000 	/System/Library/PrivateFrameworks/GPUCompiler.framework/Versions/3902/Libraries/libmetal_timestamp.dylib
0x0000000137eb1000 	/Library/Java/JavaVirtualMachines/jdk1.8.0_131.jdk/Contents/Home/jre/lib/libnio.dylib
0x0000000138023000 	/Library/Java/JavaVirtualMachines/jdk1.8.0_131.jdk/Contents/Home/jre/lib/libnet.dylib
0x0000000138125000 	/Library/Java/JavaVirtualMachines/jdk1.8.0_131.jdk/Contents/Home/jre/lib/libjpeg.dylib
0x000000013815f000 	/private/var/folders/yc/3b0m9nq951q5mf6fslyrh6qr0000gn/T/jna--696113238/jna8621879632356493494.tmp
0x0000000138175000 	/usr/local/Cellar/tesseract/4.1.1/lib/libtesseract.4.dylib
0x00000001383f3000 	/usr/local/opt/leptonica/lib/liblept.5.dylib
0x0000000138603000 	/usr/local/opt/libpng/lib/libpng16.16.dylib
0x000000013862f000 	/usr/local/opt/jpeg/lib/libjpeg.9.dylib
0x0000000138665000 	/usr/local/opt/giflib/lib/libgif.dylib
0x000000013866e000 	/usr/local/opt/libtiff/lib/libtiff.5.dylib
0x00000001386db000 	/usr/local/opt/webp/lib/libwebpmux.3.dylib
0x00000001386e6000 	/usr/local/opt/webp/lib/libwebp.7.dylib
0x0000000138748000 	/usr/local/opt/openjpeg/lib/libopenjp2.7.dylib

VM Arguments:
jvm_args: -Dfile.encoding=UTF-8 -Duser.country=CN -Duser.language=zh -Duser.variant 
java_command: com.nit.test.OcrTest
java_class_path (initial): /Users/zoufei/Documents/idea project/gradletest/build/classes/java/main:/Users/zoufei/Documents/idea project/gradletest/build/resources/main:/Users/zoufei/.gradle/caches/modules-2/files-2.1/org.springframework.boot/spring-boot-starter-web/2.1.1.RELEASE/fccdac7bbd88561a33868101813d9210bd7a13b9/spring-boot-starter-web-2.1.1.RELEASE.jar:/Users/zoufei/.gradle/caches/modules-2/files-2.1/net.sourceforge.tess4j/tess4j/4.5.3/bfe654c4c2438f98ed34d0cb7835f375ef4a75d3/tess4j-4.5.3.jar:/Users/zoufei/.gradle/caches/modules-2/files-2.1/org.springframework.boot/spring-boot-starter-json/2.1.1.RELEASE/5fc133c1c1858020dd8df5192eaeea747c8b6e60/spring-boot-starter-json-2.1.1.RELEASE.jar:/Users/zoufei/.gradle/caches/modules-2/files-2.1/org.springframework.boot/spring-boot-starter/2.1.1.RELEASE/71df6742de72887214813ff03ae0b6ec4bbcf899/spring-boot-starter-2.1.1.RELEASE.jar:/Users/zoufei/.gradle/caches/modules-2/files-2.1/org.springframework.boot/spring-boot-starter-tomcat/2.1.1.RELEASE/4cbaa992fa5509edc74d9543ab5f8f14e20fb197/spring-boot-starter-tomcat-2.1.1.RELEASE.jar:/Users/zoufei/.gradle/caches/modules-2/files-2.1/org.hibernate.validator/hibernate-validator/6.0.13.Final/af4232bf90ecd33c71147d67185dbb1cfe8f33df/hibernate-validator-6.0.13.Final.jar:/Users/zoufei/.gradle/caches/modules-2/files-2.1/org.springframework/spring-webmvc/5.1.3.RELEASE/2ff9c2ddccaafd5b55756ceb4a65f02acb3b847a/spring-webmvc-5.1.3.RELEASE.jar:/Users/zoufei/.gradle/caches/modules-2/files-2.1/org.springframework/spring-web/5.1.3.RELEASE/c875df33e6c5ac0df53e727a08d42b316e69918b/spring-web-5.1.3.RELEASE.jar:/Users/zoufei/.gradle/caches/modules-2/files-2.1/org.ghost4j/ghost4j/1.0.1/a026bc023a623b43df336670ceb00eba355bbc81/ghost4j-1.0.1.jar:/Users/zoufei/.gradle/caches/modules-2/files-2.1/net.sourceforge.lept4j/lept4j/1.13.1/1ee89a565dd8ddf287f1acd3aa4aecda6f647d49/lept4j-1.13.1.jar:/Users/zoufei/.gradle/caches/modules-2/files-2.1/net.java.dev.jna/jna/4.5.2/35d000afbaa4ed425d91873b40f4df9b82
Launcher Type: SUN_STANDARD

Environment Variables:
PATH=/usr/local/bin:/usr/bin:/bin:/usr/sbin:/sbin
SHELL=/bin/zsh

Signal Handlers:
SIGSEGV: [libjvm.dylib+0x5b1eb1], sa_mask[0]=11111111011111110111111111111111, sa_flags=SA_ONSTACK|SA_RESTART|SA_SIGINFO
SIGBUS: [libjvm.dylib+0x5b1eb1], sa_mask[0]=11111111011111110111111111111111, sa_flags=SA_RESTART|SA_SIGINFO
SIGFPE: [libjvm.dylib+0x488988], sa_mask[0]=11111111011111110111111111111111, sa_flags=SA_RESTART|SA_SIGINFO
SIGPIPE: [libjvm.dylib+0x488988], sa_mask[0]=11111111011111110111111111111111, sa_flags=SA_RESTART|SA_SIGINFO
SIGXFSZ: [libjvm.dylib+0x488988], sa_mask[0]=11111111011111110111111111111111, sa_flags=SA_RESTART|SA_SIGINFO
SIGILL: [libjvm.dylib+0x488988], sa_mask[0]=11111111011111110111111111111111, sa_flags=SA_RESTART|SA_SIGINFO
SIGUSR1: SIG_DFL, sa_mask[0]=00000000000000000000000000000000, sa_flags=SA_RESTART
SIGUSR2: [libjvm.dylib+0x4884a6], sa_mask[0]=00100000000000000000000000000000, sa_flags=SA_RESTART|SA_SIGINFO
SIGHUP: [libjvm.dylib+0x486a7d], sa_mask[0]=11111111011111110111111111111111, sa_flags=SA_RESTART|SA_SIGINFO
SIGINT: [libjvm.dylib+0x486a7d], sa_mask[0]=11111111011111110111111111111111, sa_flags=SA_RESTART|SA_SIGINFO
SIGTERM: [libjvm.dylib+0x486a7d], sa_mask[0]=11111111011111110111111111111111, sa_flags=SA_RESTART|SA_SIGINFO
SIGQUIT: [libjvm.dylib+0x486a7d], sa_mask[0]=11111111011111110111111111111111, sa_flags=SA_RESTART|SA_SIGINFO


---------------  S Y S T E M  ---------------

OS:Bsduname:Darwin 19.5.0 Darwin Kernel Version 19.5.0: Tue May 26 20:41:44 PDT 2020; root:xnu-6153.121.2~2/RELEASE_X86_64 x86_64
rlimit: STACK 8192k, CORE 0k, NPROC 5568, NOFILE 10240, AS infinity
load average:4.32 3.05 2.69

CPU:total 8 (initial active 8) (4 cores per cpu, 2 threads per core) family 6 model 126 stepping 5, cmov, cx8, fxsr, mmx, sse, sse2, sse3, ssse3, sse4.1, sse4.2, popcnt, avx, avx2, aes, clmul, erms, 3dnowpref, lzcnt, ht, tsc, tscinvbit, bmi1, bmi2, adx

Memory: 4k page, physical 33554432k(3808844k free)

/proc/meminfo:


vm_info: Java HotSpot(TM) 64-Bit Server VM (25.131-b11) for bsd-amd64 JRE (1.8.0_131-b11), built on Mar 15 2017 01:32:22 by "java_re" with gcc 4.2.1 (Based on Apple Inc. build 5658) (LLVM build 2336.11.00)

time: Thu Jan 14 17:42:45 2021
elapsed time: 1 seconds (0d 0h 0m 1s)

